<?xml version="1.0" encoding="UTF-8"?>
<!-- Generated by org.testng.reporters.JUnitXMLReporter -->
<testsuite ignored="0" hostname="DESKTOP-HDDG8Q7" failures="0" tests="9" name="Default test" time="196.63" errors="0" timestamp="2025-03-30T22:38:03 IST">
  <testcase classname="com.assesment.com.DouglasTest" name="handleCookieBanner" time="20.188"/>
  <testcase classname="com.assesment.com.DouglasTest" name="testNavigateAndClickParfum" time="1.515"/>
  <testcase classname="com.assesment.com.DouglasTest" name="testEachFilterSeparately" time="25.636"/>
  <testcase classname="com.assesment.com.DouglasTest" name="testEachFilterSeparately" time="21.058"/>
  <testcase classname="com.assesment.com.DouglasTest" name="testEachFilterSeparately" time="20.343"/>
  <testcase classname="com.assesment.com.DouglasTest" name="testEachFilterSeparately" time="20.289"/>
  <testcase classname="com.assesment.com.DouglasTest" name="testEachFilterSeparately" time="20.267"/>
  <testcase classname="com.assesment.com.DouglasTest" name="testEachFilterSeparately" time="20.381"/>
  <testcase classname="com.assesment.com.DouglasTest" name="testEachFilterSeparately" time="20.659"/>
</testsuite> <!-- Default test -->
