<?xml version="1.0" encoding="UTF-8"?>
<testng-results ignored="0" total="9" passed="9" failed="0" skipped="0">
  <reporter-output>
  </reporter-output>
  <suite started-at="2025-03-30T22:34:47 IST" name="Default suite" finished-at="2025-03-30T22:38:03 IST" duration-ms="196630">
    <groups>
    </groups>
    <test started-at="2025-03-30T22:34:47 IST" name="Default test" finished-at="2025-03-30T22:38:03 IST" duration-ms="196630">
      <class name="com.assesment.com.DouglasTest">
        <test-method is-config="true" signature="setUp()[pri:0, instance:com.assesment.com.DouglasTest@4b14918a]" started-at="2025-03-30T22:34:47 IST" name="setUp" finished-at="2025-03-30T22:35:13 IST" duration-ms="26152" status="PASS">
          <reporter-output>
          </reporter-output>
        </test-method> <!-- setUp -->
        <test-method signature="handleCookieBanner()[pri:1, instance:com.assesment.com.DouglasTest@4b14918a]" started-at="2025-03-30T22:35:13 IST" name="handleCookieBanner" finished-at="2025-03-30T22:35:33 IST" duration-ms="20188" status="PASS">
          <reporter-output>
          </reporter-output>
        </test-method> <!-- handleCookieBanner -->
        <test-method signature="testNavigateAndClickParfum()[pri:2, instance:com.assesment.com.DouglasTest@4b14918a]" started-at="2025-03-30T22:35:33 IST" name="testNavigateAndClickParfum" finished-at="2025-03-30T22:35:35 IST" duration-ms="1515" status="PASS">
          <reporter-output>
          </reporter-output>
        </test-method> <!-- testNavigateAndClickParfum -->
        <test-method signature="testEachFilterSeparately(java.lang.String,java.lang.String)[pri:3, instance:com.assesment.com.DouglasTest@4b14918a]" started-at="2025-03-30T22:35:35 IST" name="testEachFilterSeparately" data-provider="filterData" finished-at="2025-03-30T22:36:00 IST" duration-ms="25636" status="PASS">
          <params>
            <param index="0">
              <value>
                <![CDATA[Marke]]>
              </value>
            </param>
            <param index="1">
              <value>
                <![CDATA[CHANEL]]>
              </value>
            </param>
          </params>
          <reporter-output>
          </reporter-output>
        </test-method> <!-- testEachFilterSeparately -->
        <test-method signature="testEachFilterSeparately(java.lang.String,java.lang.String)[pri:3, instance:com.assesment.com.DouglasTest@4b14918a]" started-at="2025-03-30T22:36:00 IST" name="testEachFilterSeparately" data-provider="filterData" finished-at="2025-03-30T22:36:21 IST" duration-ms="21058" status="PASS">
          <params>
            <param index="0">
              <value>
                <![CDATA[Preis]]>
              </value>
            </param>
            <param index="1">
              <value>
                <![CDATA[50-100]]>
              </value>
            </param>
          </params>
          <reporter-output>
          </reporter-output>
        </test-method> <!-- testEachFilterSeparately -->
        <test-method signature="testEachFilterSeparately(java.lang.String,java.lang.String)[pri:3, instance:com.assesment.com.DouglasTest@4b14918a]" started-at="2025-03-30T22:36:21 IST" name="testEachFilterSeparately" data-provider="filterData" finished-at="2025-03-30T22:36:42 IST" duration-ms="20343" status="PASS">
          <params>
            <param index="0">
              <value>
                <![CDATA[Duftnote]]>
              </value>
            </param>
            <param index="1">
              <value>
                <![CDATA[Blumig]]>
              </value>
            </param>
          </params>
          <reporter-output>
          </reporter-output>
        </test-method> <!-- testEachFilterSeparately -->
        <test-method signature="testEachFilterSeparately(java.lang.String,java.lang.String)[pri:3, instance:com.assesment.com.DouglasTest@4b14918a]" started-at="2025-03-30T22:36:42 IST" name="testEachFilterSeparately" data-provider="filterData" finished-at="2025-03-30T22:37:02 IST" duration-ms="20289" status="PASS">
          <params>
            <param index="0">
              <value>
                <![CDATA[Für Wen]]>
              </value>
            </param>
            <param index="1">
              <value>
                <![CDATA[Damen]]>
              </value>
            </param>
          </params>
          <reporter-output>
          </reporter-output>
        </test-method> <!-- testEachFilterSeparately -->
        <test-method signature="testEachFilterSeparately(java.lang.String,java.lang.String)[pri:3, instance:com.assesment.com.DouglasTest@4b14918a]" started-at="2025-03-30T22:37:02 IST" name="testEachFilterSeparately" data-provider="filterData" finished-at="2025-03-30T22:37:22 IST" duration-ms="20267" status="PASS">
          <params>
            <param index="0">
              <value>
                <![CDATA[Aktionen]]>
              </value>
            </param>
            <param index="1">
              <value>
                <![CDATA[Sale]]>
              </value>
            </param>
          </params>
          <reporter-output>
          </reporter-output>
        </test-method> <!-- testEachFilterSeparately -->
        <test-method signature="testEachFilterSeparately(java.lang.String,java.lang.String)[pri:3, instance:com.assesment.com.DouglasTest@4b14918a]" started-at="2025-03-30T22:37:22 IST" name="testEachFilterSeparately" data-provider="filterData" finished-at="2025-03-30T22:37:43 IST" duration-ms="20381" status="PASS">
          <params>
            <param index="0">
              <value>
                <![CDATA[Produktart]]>
              </value>
            </param>
            <param index="1">
              <value>
                <![CDATA[Parfum]]>
              </value>
            </param>
          </params>
          <reporter-output>
          </reporter-output>
        </test-method> <!-- testEachFilterSeparately -->
        <test-method signature="testEachFilterSeparately(java.lang.String,java.lang.String)[pri:3, instance:com.assesment.com.DouglasTest@4b14918a]" started-at="2025-03-30T22:37:43 IST" name="testEachFilterSeparately" data-provider="filterData" finished-at="2025-03-30T22:38:03 IST" duration-ms="20659" status="PASS">
          <params>
            <param index="0">
              <value>
                <![CDATA[Verantwortung]]>
              </value>
            </param>
            <param index="1">
              <value>
                <![CDATA[Nachhaltig]]>
              </value>
            </param>
          </params>
          <reporter-output>
          </reporter-output>
        </test-method> <!-- testEachFilterSeparately -->
      </class> <!-- com.assesment.com.DouglasTest -->
    </test> <!-- Default test -->
  </suite> <!-- Default suite -->
</testng-results>
